[2024-09-16T19:36:59.604094+02:00] ipt10.WARNING: [YOUR COMPLETE NAME] [] []
[2024-09-16T19:36:59.606915+02:00] ipt10.ERROR: [YOUR EMAIL ADDRESS] [] []
[2024-09-16T19:36:59.607029+02:00] ipt10.INFO: profile {"student_number":"[YOUR STUDENT NUMBER]","college":"[COLLEGE NAME]","program":"[PROGRAM NAME]","university":"[UNIVERSITY NAME]"} []
[2024-09-16T19:37:01.131497+02:00] ipt10.WARNING: [YOUR COMPLETE NAME] [] []
[2024-09-16T19:37:01.133171+02:00] ipt10.ERROR: [YOUR EMAIL ADDRESS] [] []
[2024-09-16T19:37:01.133231+02:00] ipt10.INFO: profile {"student_number":"[YOUR STUDENT NUMBER]","college":"[COLLEGE NAME]","program":"[PROGRAM NAME]","university":"[UNIVERSITY NAME]"} []
[2024-09-16T19:55:04.315241+02:00] ipt10.WARNING: [YOUR COMPLETE NAME] [] []
[2024-09-16T19:55:04.317782+02:00] ipt10.ERROR: [YOUR EMAIL ADDRESS] [] []
[2024-09-16T19:55:04.317841+02:00] ipt10.INFO: profile {"student_number":"[YOUR STUDENT NUMBER]","college":"[COLLEGE NAME]","program":"[PROGRAM NAME]","university":"[UNIVERSITY NAME]"} []
[2024-09-16T19:55:04.317888+02:00] ipt10.INFO: TestClass instance created [] []
[2024-09-16T19:55:04.317924+02:00] ipt10.INFO: TestClass::greet - Greetings to John Doe [] []
[2024-09-16T19:55:04.317975+02:00] ipt10.INFO: TestClass::getAverage - Computing the average {"data":[100,345,4563,65,234,6734,-99],"average":1706} []
[2024-09-16T19:55:04.318018+02:00] ipt10.INFO: TestClass::largest - Getting the largest number {"data":[100,345,4563,65,234,6734,-99],"largest":6734} []
[2024-09-16T19:55:04.318059+02:00] ipt10.INFO: TestClass::smallest - Getting the smallest number {"data":[100,345,4563,65,234,6734,-99],"smallest":-99} []
[2024-09-16T19:55:04.318096+02:00] ipt10.INFO: data {"data":[100,345,4563,65,234,6734,-99]} []
[2024-09-16T19:55:04.318132+02:00] ipt10.INFO: object state {"object":{"TestClass":[]}} []
[2024-09-16T19:56:00.318828+02:00] ipt10.WARNING: [Daryl Mangaya] [] []
[2024-09-16T19:56:00.320372+02:00] ipt10.ERROR: [YOUR EMAIL ADDRESS] [] []
[2024-09-16T19:56:00.320424+02:00] ipt10.INFO: profile {"student_number":"[YOUR STUDENT NUMBER]","college":"[COLLEGE NAME]","program":"[PROGRAM NAME]","university":"[UNIVERSITY NAME]"} []
[2024-09-16T19:56:00.320474+02:00] ipt10.INFO: TestClass instance created [] []
[2024-09-16T19:56:00.320514+02:00] ipt10.INFO: TestClass::greet - Greetings to John Doe [] []
[2024-09-16T19:56:00.320555+02:00] ipt10.INFO: TestClass::getAverage - Computing the average {"data":[100,345,4563,65,234,6734,-99],"average":1706} []
[2024-09-16T19:56:00.320599+02:00] ipt10.INFO: TestClass::largest - Getting the largest number {"data":[100,345,4563,65,234,6734,-99],"largest":6734} []
[2024-09-16T19:56:00.320641+02:00] ipt10.INFO: TestClass::smallest - Getting the smallest number {"data":[100,345,4563,65,234,6734,-99],"smallest":-99} []
[2024-09-16T19:56:00.320680+02:00] ipt10.INFO: data {"data":[100,345,4563,65,234,6734,-99]} []
[2024-09-16T19:56:00.320718+02:00] ipt10.INFO: object state {"object":{"TestClass":[]}} []
[2024-09-16T19:56:01.081755+02:00] ipt10.WARNING: [Daryl Mangaya] [] []
[2024-09-16T19:56:01.083390+02:00] ipt10.ERROR: [YOUR EMAIL ADDRESS] [] []
[2024-09-16T19:56:01.083446+02:00] ipt10.INFO: profile {"student_number":"[YOUR STUDENT NUMBER]","college":"[COLLEGE NAME]","program":"[PROGRAM NAME]","university":"[UNIVERSITY NAME]"} []
[2024-09-16T19:56:01.083496+02:00] ipt10.INFO: TestClass instance created [] []
[2024-09-16T19:56:01.083537+02:00] ipt10.INFO: TestClass::greet - Greetings to John Doe [] []
[2024-09-16T19:56:01.083580+02:00] ipt10.INFO: TestClass::getAverage - Computing the average {"data":[100,345,4563,65,234,6734,-99],"average":1706} []
[2024-09-16T19:56:01.083627+02:00] ipt10.INFO: TestClass::largest - Getting the largest number {"data":[100,345,4563,65,234,6734,-99],"largest":6734} []
[2024-09-16T19:56:01.083671+02:00] ipt10.INFO: TestClass::smallest - Getting the smallest number {"data":[100,345,4563,65,234,6734,-99],"smallest":-99} []
[2024-09-16T19:56:01.083713+02:00] ipt10.INFO: data {"data":[100,345,4563,65,234,6734,-99]} []
[2024-09-16T19:56:01.083752+02:00] ipt10.INFO: object state {"object":{"TestClass":[]}} []
[2024-09-16T19:56:01.633435+02:00] ipt10.WARNING: [Daryl Mangaya] [] []
[2024-09-16T19:56:01.635055+02:00] ipt10.ERROR: [YOUR EMAIL ADDRESS] [] []
[2024-09-16T19:56:01.635109+02:00] ipt10.INFO: profile {"student_number":"[YOUR STUDENT NUMBER]","college":"[COLLEGE NAME]","program":"[PROGRAM NAME]","university":"[UNIVERSITY NAME]"} []
[2024-09-16T19:56:01.635160+02:00] ipt10.INFO: TestClass instance created [] []
[2024-09-16T19:56:01.635203+02:00] ipt10.INFO: TestClass::greet - Greetings to John Doe [] []
[2024-09-16T19:56:01.635247+02:00] ipt10.INFO: TestClass::getAverage - Computing the average {"data":[100,345,4563,65,234,6734,-99],"average":1706} []
[2024-09-16T19:56:01.635294+02:00] ipt10.INFO: TestClass::largest - Getting the largest number {"data":[100,345,4563,65,234,6734,-99],"largest":6734} []
[2024-09-16T19:56:01.635337+02:00] ipt10.INFO: TestClass::smallest - Getting the smallest number {"data":[100,345,4563,65,234,6734,-99],"smallest":-99} []
[2024-09-16T19:56:01.635379+02:00] ipt10.INFO: data {"data":[100,345,4563,65,234,6734,-99]} []
[2024-09-16T19:56:01.635419+02:00] ipt10.INFO: object state {"object":{"TestClass":[]}} []
[2024-09-16T19:56:01.815300+02:00] ipt10.WARNING: [Daryl Mangaya] [] []
[2024-09-16T19:56:01.817160+02:00] ipt10.ERROR: [YOUR EMAIL ADDRESS] [] []
[2024-09-16T19:56:01.817220+02:00] ipt10.INFO: profile {"student_number":"[YOUR STUDENT NUMBER]","college":"[COLLEGE NAME]","program":"[PROGRAM NAME]","university":"[UNIVERSITY NAME]"} []
[2024-09-16T19:56:01.817272+02:00] ipt10.INFO: TestClass instance created [] []
[2024-09-16T19:56:01.817316+02:00] ipt10.INFO: TestClass::greet - Greetings to John Doe [] []
[2024-09-16T19:56:01.817361+02:00] ipt10.INFO: TestClass::getAverage - Computing the average {"data":[100,345,4563,65,234,6734,-99],"average":1706} []
[2024-09-16T19:56:01.817410+02:00] ipt10.INFO: TestClass::largest - Getting the largest number {"data":[100,345,4563,65,234,6734,-99],"largest":6734} []
[2024-09-16T19:56:01.817457+02:00] ipt10.INFO: TestClass::smallest - Getting the smallest number {"data":[100,345,4563,65,234,6734,-99],"smallest":-99} []
[2024-09-16T19:56:01.817500+02:00] ipt10.INFO: data {"data":[100,345,4563,65,234,6734,-99]} []
[2024-09-16T19:56:01.817540+02:00] ipt10.INFO: object state {"object":{"TestClass":[]}} []
[2024-09-16T19:56:02.016634+02:00] ipt10.WARNING: [Daryl Mangaya] [] []
[2024-09-16T19:56:02.018502+02:00] ipt10.ERROR: [YOUR EMAIL ADDRESS] [] []
[2024-09-16T19:56:02.018556+02:00] ipt10.INFO: profile {"student_number":"[YOUR STUDENT NUMBER]","college":"[COLLEGE NAME]","program":"[PROGRAM NAME]","university":"[UNIVERSITY NAME]"} []
[2024-09-16T19:56:02.018605+02:00] ipt10.INFO: TestClass instance created [] []
[2024-09-16T19:56:02.018645+02:00] ipt10.INFO: TestClass::greet - Greetings to John Doe [] []
[2024-09-16T19:56:02.018687+02:00] ipt10.INFO: TestClass::getAverage - Computing the average {"data":[100,345,4563,65,234,6734,-99],"average":1706} []
[2024-09-16T19:56:02.018733+02:00] ipt10.INFO: TestClass::largest - Getting the largest number {"data":[100,345,4563,65,234,6734,-99],"largest":6734} []
[2024-09-16T19:56:02.018777+02:00] ipt10.INFO: TestClass::smallest - Getting the smallest number {"data":[100,345,4563,65,234,6734,-99],"smallest":-99} []
[2024-09-16T19:56:02.018819+02:00] ipt10.INFO: data {"data":[100,345,4563,65,234,6734,-99]} []
[2024-09-16T19:56:02.018859+02:00] ipt10.INFO: object state {"object":{"TestClass":[]}} []
[2024-09-16T19:56:02.216246+02:00] ipt10.WARNING: [Daryl Mangaya] [] []
[2024-09-16T19:56:02.217860+02:00] ipt10.ERROR: [YOUR EMAIL ADDRESS] [] []
[2024-09-16T19:56:02.217917+02:00] ipt10.INFO: profile {"student_number":"[YOUR STUDENT NUMBER]","college":"[COLLEGE NAME]","program":"[PROGRAM NAME]","university":"[UNIVERSITY NAME]"} []
[2024-09-16T19:56:02.218019+02:00] ipt10.INFO: TestClass instance created [] []
[2024-09-16T19:56:02.218141+02:00] ipt10.INFO: TestClass::greet - Greetings to John Doe [] []
[2024-09-16T19:56:02.218192+02:00] ipt10.INFO: TestClass::getAverage - Computing the average {"data":[100,345,4563,65,234,6734,-99],"average":1706} []
[2024-09-16T19:56:02.218537+02:00] ipt10.INFO: TestClass::largest - Getting the largest number {"data":[100,345,4563,65,234,6734,-99],"largest":6734} []
[2024-09-16T19:56:02.218614+02:00] ipt10.INFO: TestClass::smallest - Getting the smallest number {"data":[100,345,4563,65,234,6734,-99],"smallest":-99} []
[2024-09-16T19:56:02.218662+02:00] ipt10.INFO: data {"data":[100,345,4563,65,234,6734,-99]} []
[2024-09-16T19:56:02.218704+02:00] ipt10.INFO: object state {"object":{"TestClass":[]}} []
[2024-09-16T20:30:50.350768+02:00] ipt10.WARNING: [YOUR COMPLETE NAME] [] []
[2024-09-16T20:30:50.353991+02:00] ipt10.ERROR: [YOUR EMAIL ADDRESS] [] []
[2024-09-16T20:30:50.354059+02:00] ipt10.INFO: profile {"student_number":"[YOUR STUDENT NUMBER]","college":"[COLLEGE NAME]","program":"[PROGRAM NAME]","university":"[UNIVERSITY NAME]"} []
[2024-09-16T20:30:50.354110+02:00] ipt10.INFO: TestClass instance created [] []
[2024-09-16T20:30:50.354152+02:00] ipt10.INFO: TestClass::greet - Greetings to John Doe [] []
[2024-09-16T20:30:50.354196+02:00] ipt10.INFO: TestClass::getAverage - Computing the average {"data":[100,345,4563,65,234,6734,-99],"average":1706} []
[2024-09-16T20:30:50.354244+02:00] ipt10.INFO: TestClass::largest - Getting the largest number {"data":[100,345,4563,65,234,6734,-99],"largest":6734} []
[2024-09-16T20:30:50.354287+02:00] ipt10.INFO: TestClass::smallest - Getting the smallest number {"data":[100,345,4563,65,234,6734,-99],"smallest":-99} []
[2024-09-16T20:30:50.354329+02:00] ipt10.INFO: data {"data":[100,345,4563,65,234,6734,-99]} []
[2024-09-16T20:30:50.354368+02:00] ipt10.INFO: object state {"object":{"TestClass":[]}} []
[2024-09-16T20:30:50.904026+02:00] ipt10.WARNING: [YOUR COMPLETE NAME] [] []
[2024-09-16T20:30:50.905948+02:00] ipt10.ERROR: [YOUR EMAIL ADDRESS] [] []
[2024-09-16T20:30:50.906004+02:00] ipt10.INFO: profile {"student_number":"[YOUR STUDENT NUMBER]","college":"[COLLEGE NAME]","program":"[PROGRAM NAME]","university":"[UNIVERSITY NAME]"} []
[2024-09-16T20:30:50.906054+02:00] ipt10.INFO: TestClass instance created [] []
[2024-09-16T20:30:50.906116+02:00] ipt10.INFO: TestClass::greet - Greetings to John Doe [] []
[2024-09-16T20:30:50.906163+02:00] ipt10.INFO: TestClass::getAverage - Computing the average {"data":[100,345,4563,65,234,6734,-99],"average":1706} []
[2024-09-16T20:30:50.906213+02:00] ipt10.INFO: TestClass::largest - Getting the largest number {"data":[100,345,4563,65,234,6734,-99],"largest":6734} []
[2024-09-16T20:30:50.906264+02:00] ipt10.INFO: TestClass::smallest - Getting the smallest number {"data":[100,345,4563,65,234,6734,-99],"smallest":-99} []
[2024-09-16T20:30:50.906309+02:00] ipt10.INFO: data {"data":[100,345,4563,65,234,6734,-99]} []
[2024-09-16T20:30:50.906350+02:00] ipt10.INFO: object state {"object":{"TestClass":[]}} []
[2024-09-17T06:52:56.176918+02:00] ipt10.WARNING: [YOUR COMPLETE NAME] [] []
[2024-09-17T06:52:56.235685+02:00] ipt10.ERROR: [YOUR EMAIL ADDRESS] [] []
[2024-09-17T06:52:56.235799+02:00] ipt10.INFO: profile {"student_number":"[YOUR STUDENT NUMBER]","college":"[COLLEGE NAME]","program":"[PROGRAM NAME]","university":"[UNIVERSITY NAME]"} []
[2024-09-17T06:52:56.235856+02:00] ipt10.INFO: TestClass instance created [] []
[2024-09-17T06:52:56.235892+02:00] ipt10.INFO: TestClass::greet - Greetings to John Doe [] []
[2024-09-17T06:52:56.235938+02:00] ipt10.INFO: TestClass::getAverage - Computing the average {"data":[100,345,4563,65,234,6734,-99],"average":1706} []
[2024-09-17T06:52:56.235980+02:00] ipt10.INFO: TestClass::largest - Getting the largest number {"data":[100,345,4563,65,234,6734,-99],"largest":6734} []
[2024-09-17T06:52:56.236018+02:00] ipt10.INFO: TestClass::smallest - Getting the smallest number {"data":[100,345,4563,65,234,6734,-99],"smallest":-99} []
[2024-09-17T06:52:56.236055+02:00] ipt10.INFO: data {"data":[100,345,4563,65,234,6734,-99]} []
[2024-09-17T06:52:56.236090+02:00] ipt10.INFO: object state {"object":{"TestClass":[]}} []
[2024-09-17T06:53:20.305614+02:00] ipt10.WARNING: [YOUR COMPLETE NAME] [] []
[2024-09-17T06:53:20.309612+02:00] ipt10.ERROR: [YOUR EMAIL ADDRESS] [] []
[2024-09-17T06:53:20.309726+02:00] ipt10.INFO: profile {"student_number":"[YOUR STUDENT NUMBER]","college":"[COLLEGE NAME]","program":"[PROGRAM NAME]","university":"[UNIVERSITY NAME]"} []
[2024-09-17T06:53:20.309827+02:00] ipt10.INFO: TestClass instance created [] []
[2024-09-17T06:53:20.309910+02:00] ipt10.INFO: TestClass::greet - Greetings to John Doe [] []
[2024-09-17T06:53:20.310010+02:00] ipt10.INFO: TestClass::getAverage - Computing the average {"data":[100,345,4563,65,234,6734,-99],"average":1706} []
[2024-09-17T06:53:20.310109+02:00] ipt10.INFO: TestClass::largest - Getting the largest number {"data":[100,345,4563,65,234,6734,-99],"largest":6734} []
[2024-09-17T06:53:20.310199+02:00] ipt10.INFO: TestClass::smallest - Getting the smallest number {"data":[100,345,4563,65,234,6734,-99],"smallest":-99} []
[2024-09-17T06:53:20.310284+02:00] ipt10.INFO: data {"data":[100,345,4563,65,234,6734,-99]} []
[2024-09-17T06:53:20.310365+02:00] ipt10.INFO: object state {"object":{"TestClass":[]}} []
[2024-09-17T06:55:55.615483+02:00] ipt10.WARNING: [YOUR COMPLETE NAME] [] []
[2024-09-17T06:55:55.618336+02:00] ipt10.ERROR: [YOUR EMAIL ADDRESS] [] []
[2024-09-17T06:55:55.618396+02:00] ipt10.INFO: profile {"student_number":"[YOUR STUDENT NUMBER]","college":"[COLLEGE NAME]","program":"[PROGRAM NAME]","university":"[UNIVERSITY NAME]"} []
[2024-09-17T06:55:55.618445+02:00] ipt10.INFO: TestClass instance created [] []
[2024-09-17T06:55:55.618486+02:00] ipt10.INFO: TestClass::greet - Greetings to John Doe [] []
[2024-09-17T06:55:55.618536+02:00] ipt10.INFO: TestClass::getAverage - Computing the average {"data":[100,345,4563,65,234,6734,-99],"average":1706} []
[2024-09-17T06:55:55.618581+02:00] ipt10.INFO: TestClass::largest - Getting the largest number {"data":[100,345,4563,65,234,6734,-99],"largest":6734} []
[2024-09-17T06:55:55.618622+02:00] ipt10.INFO: TestClass::smallest - Getting the smallest number {"data":[100,345,4563,65,234,6734,-99],"smallest":-99} []
[2024-09-17T06:55:55.618661+02:00] ipt10.INFO: data {"data":[100,345,4563,65,234,6734,-99]} []
[2024-09-17T06:55:55.618698+02:00] ipt10.INFO: object state {"object":{"TestClass":[]}} []
[2024-09-17T06:57:56.148770+02:00] ipt10.WARNING: [YOUR COMPLETE NAME] [] []
[2024-09-17T06:57:56.151008+02:00] ipt10.ERROR: [YOUR EMAIL ADDRESS] [] []
[2024-09-17T06:57:56.151070+02:00] ipt10.INFO: profile {"student_number":"[YOUR STUDENT NUMBER]","college":"[COLLEGE NAME]","program":"[PROGRAM NAME]","university":"[UNIVERSITY NAME]"} []
[2024-09-17T06:57:56.151120+02:00] ipt10.INFO: TestClass instance created [] []
[2024-09-17T06:57:56.151161+02:00] ipt10.INFO: TestClass::greet - Greetings to John Doe [] []
[2024-09-17T06:57:56.151210+02:00] ipt10.INFO: TestClass::getAverage - Computing the average {"data":[100,345,4563,65,234,6734,-99],"average":1706} []
[2024-09-17T06:57:56.151257+02:00] ipt10.INFO: TestClass::largest - Getting the largest number {"data":[100,345,4563,65,234,6734,-99],"largest":6734} []
[2024-09-17T06:57:56.151302+02:00] ipt10.INFO: TestClass::smallest - Getting the smallest number {"data":[100,345,4563,65,234,6734,-99],"smallest":-99} []
[2024-09-17T06:57:56.151342+02:00] ipt10.INFO: data {"data":[100,345,4563,65,234,6734,-99]} []
[2024-09-17T06:57:56.151381+02:00] ipt10.INFO: object state {"object":{"TestClass":[]}} []
[2024-09-17T06:58:24.837860+02:00] ipt10.WARNING: [YOUR COMPLETE NAME] [] []
[2024-09-17T06:58:24.839786+02:00] ipt10.ERROR: [YOUR EMAIL ADDRESS] [] []
[2024-09-17T06:58:24.839839+02:00] ipt10.INFO: profile {"student_number":"[YOUR STUDENT NUMBER]","college":"[COLLEGE NAME]","program":"[PROGRAM NAME]","university":"[UNIVERSITY NAME]"} []
[2024-09-17T06:58:24.839887+02:00] ipt10.INFO: TestClass instance created [] []
[2024-09-17T06:58:24.839926+02:00] ipt10.INFO: TestClass::greet - Greetings to John Doe [] []
[2024-09-17T06:58:24.839973+02:00] ipt10.INFO: TestClass::getAverage - Computing the average {"data":[100,345,4563,65,234,6734,-99],"average":1706} []
[2024-09-17T06:58:24.840017+02:00] ipt10.INFO: TestClass::largest - Getting the largest number {"data":[100,345,4563,65,234,6734,-99],"largest":6734} []
[2024-09-17T06:58:24.840116+02:00] ipt10.INFO: TestClass::smallest - Getting the smallest number {"data":[100,345,4563,65,234,6734,-99],"smallest":-99} []
[2024-09-17T06:58:24.840161+02:00] ipt10.INFO: data {"data":[100,345,4563,65,234,6734,-99]} []
[2024-09-17T06:58:24.840200+02:00] ipt10.INFO: object state {"object":{"TestClass":[]}} []
[2024-09-17T07:40:24.432275+02:00] ipt10.WARNING: [YOUR COMPLETE NAME] [] []
[2024-09-17T07:40:24.434478+02:00] ipt10.ERROR: [YOUR EMAIL ADDRESS] [] []
[2024-09-17T07:40:24.434531+02:00] ipt10.INFO: profile {"student_number":"[YOUR STUDENT NUMBER]","college":"[COLLEGE NAME]","program":"[PROGRAM NAME]","university":"[UNIVERSITY NAME]"} []
[2024-09-17T07:40:24.434578+02:00] ipt10.INFO: TestClass instance created [] []
[2024-09-17T07:40:24.434617+02:00] ipt10.INFO: TestClass::greet - Greetings to John Doe [] []
[2024-09-17T07:40:24.434666+02:00] ipt10.INFO: TestClass::getAverage - Computing the average {"data":[100,345,4563,65,234,6734,-99],"average":1706} []
[2024-09-17T07:40:24.434710+02:00] ipt10.INFO: TestClass::largest - Getting the largest number {"data":[100,345,4563,65,234,6734,-99],"largest":6734} []
[2024-09-17T07:40:24.434754+02:00] ipt10.INFO: TestClass::smallest - Getting the smallest number {"data":[100,345,4563,65,234,6734,-99],"smallest":-99} []
[2024-09-17T07:40:24.434792+02:00] ipt10.INFO: data {"data":[100,345,4563,65,234,6734,-99]} []
[2024-09-17T07:40:24.434829+02:00] ipt10.INFO: object state {"object":{"TestClass":[]}} []
[2024-09-19T18:50:14.386060+02:00] ipt10.WARNING: [YOUR COMPLETE NAME] [] []
[2024-09-19T18:50:14.389514+02:00] ipt10.ERROR: [YOUR EMAIL ADDRESS] [] []
[2024-09-19T18:50:14.389587+02:00] ipt10.INFO: profile {"student_number":"[YOUR STUDENT NUMBER]","college":"[COLLEGE NAME]","program":"[PROGRAM NAME]","university":"[UNIVERSITY NAME]"} []
[2024-09-19T18:50:14.389643+02:00] ipt10.INFO: TestClass instance created [] []
[2024-09-19T18:50:14.389684+02:00] ipt10.INFO: TestClass::greet - Greetings to John Doe [] []
[2024-09-19T18:50:14.389736+02:00] ipt10.INFO: TestClass::getAverage - Computing the average {"data":[100,345,4563,65,234,6734,-99],"average":1706} []
[2024-09-19T18:50:14.389784+02:00] ipt10.INFO: TestClass::largest - Getting the largest number {"data":[100,345,4563,65,234,6734,-99],"largest":6734} []
[2024-09-19T18:50:14.389826+02:00] ipt10.INFO: TestClass::smallest - Getting the smallest number {"data":[100,345,4563,65,234,6734,-99],"smallest":-99} []
[2024-09-19T18:50:14.389865+02:00] ipt10.INFO: data {"data":[100,345,4563,65,234,6734,-99]} []
[2024-09-19T18:50:14.389903+02:00] ipt10.INFO: object state {"object":{"TestClass":[]}} []
